<?xml version="1.0" encoding="UTF-8"?>
<testsuite name="com.trello.runner.TestRunner" tests="2" skipped="0" failures="0" errors="0" timestamp="2023-07-20T20:33:37" hostname="DESKTOP-S1N5SIH" time="18.656">
  <properties/>
  <testcase name="runScenario[0](&quot;A user can open a board&quot;, &quot;Boards&quot;)" classname="com.trello.runner.TestRunner" time="14.957"/>
  <testcase name="runScenario[1](&quot;A user can open a board with cards&quot;, &quot;Boards&quot;)" classname="com.trello.runner.TestRunner" time="3.697"/>
  <system-out><![CDATA[
@Boards @TC-2 @Login
Scenario: A user can open a board                                  ?[90m# src/test/resources/features/Boards.feature:9?[0m
  ?[32mGiven ?[0m?[32mI click ?[0m?[32m?[1m'Day Planning'?[0m?[32m board card on 'Dashboard' page?[0m      ?[90m# com.trello.steps.DashboardSteps.clickBoardCard(java.lang.String)?[0m
  ?[32mThen ?[0m?[32mthe 'Board' button on 'Boards' page should be displayed?[0m     ?[90m# com.trello.steps.BoardSteps.boardButtonShouldBeDisplayed()?[0m
  ?[32mAnd ?[0m?[32mthe 'Visibility' button on 'Boards' page should be displayed?[0m ?[90m# com.trello.steps.BoardSteps.visibilityButtonShouldBeDisplayed()?[0m
  ?[32mAnd ?[0m?[32mthe ?[0m?[32m?[1m'To Do'?[0m?[32m list on 'Boards' page should be displayed?[0m        ?[90m# com.trello.steps.BoardSteps.listWithNameShouldBeDisplayed(java.lang.String)?[0m
  ?[32mAnd ?[0m?[32mthe ?[0m?[32m?[1m'In Progress'?[0m?[32m list on 'Boards' page should be displayed?[0m  ?[90m# com.trello.steps.BoardSteps.listWithNameShouldBeDisplayed(java.lang.String)?[0m
  ?[32mAnd ?[0m?[32mthe ?[0m?[32m?[1m'Done'?[0m?[32m list on 'Boards' page should be displayed?[0m         ?[90m# com.trello.steps.BoardSteps.listWithNameShouldBeDisplayed(java.lang.String)?[0m

@Boards @TC-3 @Login
Scenario: A user can open a board with cards                        ?[90m# src/test/resources/features/Boards.feature:18?[0m
  ?[32mGiven ?[0m?[32mI click ?[0m?[32m?[1m'Study Plan'?[0m?[32m board card on 'Dashboard' page?[0m         ?[90m# com.trello.steps.DashboardSteps.clickBoardCard(java.lang.String)?[0m
  ?[32mThen ?[0m?[32mthe 'Board' button on 'Boards' page should be displayed?[0m      ?[90m# com.trello.steps.BoardSteps.boardButtonShouldBeDisplayed()?[0m
  ?[32mAnd ?[0m?[32mthe 'Visibility' button on 'Boards' page should be displayed?[0m  ?[90m# com.trello.steps.BoardSteps.visibilityButtonShouldBeDisplayed()?[0m
  ?[32mAnd ?[0m?[32mthe ?[0m?[32m?[1m'To Do'?[0m?[32m list on 'Boards' page should be displayed?[0m         ?[90m# com.trello.steps.BoardSteps.listWithNameShouldBeDisplayed(java.lang.String)?[0m
  ?[32mAnd ?[0m?[32mthe ?[0m?[32m?[1m'Lecture'?[0m?[32m list on 'Boards' page should be displayed?[0m       ?[90m# com.trello.steps.BoardSteps.listWithNameShouldBeDisplayed(java.lang.String)?[0m
  ?[32mAnd ?[0m?[32mthe ?[0m?[32m?[1m'Test Practice'?[0m?[32m list on 'Boards' page should be displayed?[0m ?[90m# com.trello.steps.BoardSteps.listWithNameShouldBeDisplayed(java.lang.String)?[0m
  ?[32mAnd ?[0m?[32mthe ?[0m?[32m?[1m'Finished'?[0m?[32m list on 'Boards' page should be displayed?[0m      ?[90m# com.trello.steps.BoardSteps.listWithNameShouldBeDisplayed(java.lang.String)?[0m
]]></system-out>
  <system-err><![CDATA[log4j:WARN No appenders could be found for logger (com.trello.selenium.webdriver.WebDriverConfigReader).
log4j:WARN Please initialize the log4j system properly.
log4j:WARN See http://logging.apache.org/log4j/1.2/faq.html#noconfig for more info.
Jul 20, 2023 4:33:39 PM org.openqa.selenium.remote.service.DriverService$Builder getLogOutput
INFO: Driver logs no longer sent to console by default; https://www.selenium.dev/documentation/webdriver/drivers/service/#setting-log-output
Jul 20, 2023 4:33:41 PM org.openqa.selenium.devtools.CdpVersionFinder findNearestMatch
WARNING: Unable to find an exact match for CDP version 115, so returning the closest version found: 114
]]></system-err>
</testsuite>
